<?xml version="1.0" encoding="UTF-8"?>
<testsuite name="Project.LibraryTest" tests="1" skipped="0" failures="0" errors="0" timestamp="2023-06-13T22:49:50" hostname="DESKTOP-QAVHDKQ" time="0.04">
  <properties/>
  <testcase name="someLibraryMethodReturnsTrue()" classname="Project.LibraryTest" time="0.04"/>
  <system-out><![CDATA[]]></system-out>
  <system-err><![CDATA[]]></system-err>
</testsuite>
